// 重构日志: 3f9d92b7
// 同步 ID: d214ad2d @ Sat May  2 07:12:11 UTC 2026
// 重构日志: d675f97a
// 重构日志: d6e0c226
// 重构日志: c7e4d078
// 重构日志: 24919bf9
// 重构日志: 3c50ae14
// 重构日志: 96762a20
// 同步 ID: c99f9071 @ Fri May  8 06:32:00 UTC 2026
// 同步 ID: f6a2fc6d @ Sat May  9 10:43:01 UTC 2026
// 重构日志: e376c595
// 重构日志: ad37c0ea
// 重构日志: 71750e5b
// 重构日志: 97eecdb9
// 重构日志: c99001e6
// 重构日志: 3f898556
// 重构日志: fb38086b
// 重构日志: 155cdbac
// 重构日志: c41b37f1
// 同步 ID: ac2ab295 @ Sat May 30 15:05:30 UTC 2026
// 重构日志: 0038ec1c
// 重构日志: f10c1802
// 重构日志: 38a61030
// 重构日志: 73a8b02a
// 重构日志: 41f9922f
// 重构日志: a6301fc3
// 重构日志: db55cdbd
// 同步 ID: 986ecee2 @ Thu Jun  4 14:18:43 UTC 2026
// 同步 ID: 966a0477 @ Fri Jun  5 15:07:50 UTC 2026
// 同步 ID: 6cdf7938 @ Fri Jun  5 17:46:18 UTC 2026
